2018-10-31 12:17:07,409 INFO  [Log] **************************************************************************************** 
2018-10-31 12:17:07,409 INFO  [Log] **************************************************************************************** 
2018-10-31 12:17:07,409 INFO  [Log] $$$$$$$$$$$$$$$$$$$$$                 Login_01       $$$$$$$$$$$$$$$$$$$$$$$$$ 
2018-10-31 12:17:07,409 INFO  [Log] **************************************************************************************** 
2018-10-31 12:17:07,409 INFO  [Log] **************************************************************************************** 
2018-10-31 12:17:07,411 INFO  [Log] Opening Browser 
2018-10-31 12:17:10,717 INFO  [Log] Chrome browser started 
2018-10-31 12:17:11,063 INFO  [Log] Navigating to URL 
2018-10-31 12:17:13,229 INFO  [Log] Clicking on Webelement btn_MyAccount 
2018-10-31 12:17:23,271 WARN  [Log] Not able to click --- no such element: Unable to locate element: {"method":"xpath","selector":".//*[@id='account']/a"}
  (Session info: chrome=70.0.3538.77)
  (Driver info: chromedriver=2.42.591088 (7b2b2dca23cca0862f674758c9a3933e685c27d5),platform=Windows NT 10.0.16299 x86_64) (WARNING: The server did not provide any stacktrace information)
Command duration or timeout: 0 milliseconds
For documentation on this error, please visit: http://seleniumhq.org/exceptions/no_such_element.html
Build info: version: '3.13.0', revision: '2f0d292', time: '2018-06-25T15:24:21.231Z'
System info: host: 'M5-D-HXFVXJ2', ip: '10.216.156.106', os.name: 'Windows 10', os.arch: 'amd64', os.version: '10.0', java.version: '10.0.2'
Driver info: org.openqa.selenium.chrome.ChromeDriver
Capabilities {acceptInsecureCerts: false, acceptSslCerts: false, applicationCacheEnabled: false, browserConnectionEnabled: false, browserName: chrome, chrome: {chromedriverVersion: 2.42.591088 (7b2b2dca23cca0..., userDataDir: C:\Users\JYOTSN~1.PAT\AppDa...}, cssSelectorsEnabled: true, databaseEnabled: false, goog:chromeOptions: {debuggerAddress: localhost:62935}, handlesAlerts: true, hasTouchScreen: false, javascriptEnabled: true, locationContextEnabled: true, mobileEmulationEnabled: false, nativeEvents: true, networkConnectionEnabled: false, pageLoadStrategy: normal, platform: XP, platformName: XP, rotatable: false, setWindowRect: true, takesHeapSnapshot: true, takesScreenshot: true, unexpectedAlertBehaviour: , unhandledPromptBehavior: , version: 70.0.3538.77, webStorageEnabled: true}
Session ID: 9fcbb3571a38d0d4c92aef18f3bf2bb2
*** Element info: {Using=xpath, value=.//*[@id='account']/a} 
2018-10-31 12:17:23,694 INFO  [Log] Closing the browser 
2018-10-31 12:17:24,438 INFO  [Log] XXXXXXXXXXXXXXXXXXXXXXX             -E---N---D-             XXXXXXXXXXXXXXXXXXXXXX 
2018-10-31 12:17:24,438 INFO  [Log] X 
2018-10-31 12:17:24,438 INFO  [Log] X 
2018-10-31 12:17:24,438 INFO  [Log] X 
2018-10-31 12:17:24,438 INFO  [Log] X 
2018-10-31 12:19:54,501 INFO  [Log] **************************************************************************************** 
2018-10-31 12:20:07,661 INFO  [Log] **************************************************************************************** 
2018-10-31 12:20:09,425 INFO  [Log] $$$$$$$$$$$$$$$$$$$$$                 Login_01       $$$$$$$$$$$$$$$$$$$$$$$$$ 
2018-10-31 12:20:09,948 INFO  [Log] **************************************************************************************** 
2018-10-31 12:20:15,135 INFO  [Log] **************************************************************************************** 
2018-10-31 12:20:21,377 INFO  [Log] Opening Browser 
2018-10-31 12:20:42,562 INFO  [Log] Chrome browser started 
